INFO: checking out_of_order...
INFO:     out_of_order check complete (0.000220 sec).
INFO: checking system...
INFO:     system check complete (0.000006 sec).
INFO: checking solvers...
INFO:     solvers check complete (0.000055 sec).
INFO: checking dup_inputs...
INFO:     dup_inputs check complete (0.000017 sec).
INFO: checking missing_recorders...
INFO:     missing_recorders check complete (0.000001 sec).
INFO: checking unserializable_options...
INFO:     unserializable_options check complete (0.000053 sec).
INFO: checking comp_has_no_outputs...
INFO:     comp_has_no_outputs check complete (0.000011 sec).
INFO: checking auto_ivc_warnings...
INFO:     auto_ivc_warnings check complete (0.000001 sec).
INFO: checking out_of_order...
INFO:     out_of_order check complete (0.000049 sec).
INFO: checking system...
INFO:     system check complete (0.000004 sec).
INFO: checking solvers...
INFO:     solvers check complete (0.000040 sec).
INFO: checking dup_inputs...
INFO:     dup_inputs check complete (0.000011 sec).
INFO: checking missing_recorders...
INFO:     missing_recorders check complete (0.000001 sec).
INFO: checking unserializable_options...
INFO:     unserializable_options check complete (0.000037 sec).
INFO: checking comp_has_no_outputs...
INFO:     comp_has_no_outputs check complete (0.000007 sec).
INFO: checking auto_ivc_warnings...
INFO:     auto_ivc_warnings check complete (0.000001 sec).
